<?xml version="1.0" encoding="utf-8"?><testsuites name="pytest tests"><testsuite name="pytest" errors="0" failures="0" skipped="0" tests="15" time="4.715" timestamp="2026-04-22T09:38:19.511813+00:00" hostname="agent-env-3ac36608-a08c-4428-a5be-67bf0154d965"><testcase classname="backend.tests.test_lexguard.TestHealth" name="test_root" time="0.188" /><testcase classname="backend.tests.test_lexguard.TestAnalyzeValidation" name="test_empty" time="0.049" /><testcase classname="backend.tests.test_lexguard.TestAnalyzeValidation" name="test_too_short" time="0.045" /><testcase classname="backend.tests.test_lexguard.TestAnalyzeValidation" name="test_missing_field" time="0.045" /><testcase classname="backend.tests.test_lexguard.TestAnalyze" name="test_structure" time="3.889" /><testcase classname="backend.tests.test_lexguard.TestAnalyze" name="test_score_range" time="0.000" /><testcase classname="backend.tests.test_lexguard.TestAnalyze" name="test_verdict_value" time="0.000" /><testcase classname="backend.tests.test_lexguard.TestAnalyze" name="test_preview_only_two_clauses" time="0.000" /><testcase classname="backend.tests.test_lexguard.TestAnalyze" name="test_checklist_empty_in_preview" time="0.000" /><testcase classname="backend.tests.test_lexguard.TestAnalyze" name="test_total_count_reflects_real_total" time="0.000" /><testcase classname="backend.tests.test_lexguard.TestAnalyze" name="test_clause_shape" time="0.000" /><testcase classname="backend.tests.test_lexguard.TestUnlockValidation" name="test_invalid_email" time="0.048" /><testcase classname="backend.tests.test_lexguard.TestUnlockValidation" name="test_unknown_analysis_id" time="0.050" /><testcase classname="backend.tests.test_lexguard.TestUnlockAndLeads" name="test_unlock_full_report" time="0.133" /><testcase classname="backend.tests.test_lexguard.TestUnlockAndLeads" name="test_leads_count_endpoint" time="0.045" /></testsuite></testsuites>